2024-02-13T20:05:50.541Z 0: 

----------------------------------------------
2024-02-13T20:05:50.549Z 1: Discord starting: {"releaseChannel":"stable","version":"0.0.43"}, modulepath: /home/khoa/.config/discord/0.0.43/modules
2024-02-13T20:05:50.573Z 2: ✅ webContents.created web1 ""
2024-02-13T20:05:50.580Z 3: ✅ window.created win1 "discord"
2024-02-13T20:05:50.867Z 4: ✅ webContents.did-finish-load web1
2024-02-13T20:05:59.120Z 5: ✅ webContents.created web2 ""
2024-02-13T20:05:59.126Z 6: ✅ window.created win2 "Discord"
2024-02-13T20:06:02.211Z 7: ✅ webContents.did-finish-load web2
2024-02-13T20:06:02.290Z 8: window.close win1
2024-02-13T20:06:02.299Z 9: webContents.destroyed web1
2024-02-13T20:06:02.301Z 10: window.closed win1
2024-02-13T21:35:09.974Z 11: before-quit
2024-02-13T21:35:09.982Z 12: window.close win2
2024-02-13T21:35:10.005Z 13: ❌ child-process-gone {
  type: 'Utility',
  reason: 'killed',
  exitCode: 15,
  serviceName: 'audio.mojom.AudioService',
  name: 'Audio Service'
}
2024-02-14T14:00:27.676Z 0: 

----------------------------------------------
2024-02-14T14:00:27.708Z 1: Discord starting: {"releaseChannel":"stable","version":"0.0.43"}, modulepath: /home/khoa/.config/discord/0.0.43/modules
2024-02-14T14:00:27.711Z 2: ✅ webContents.created web1 ""
2024-02-14T14:00:27.716Z 3: ✅ window.created win1 "discord"
2024-02-14T14:00:27.973Z 4: ✅ webContents.did-finish-load web1
2024-02-14T14:00:28.269Z 5: ✅ webContents.created web2 ""
2024-02-14T14:00:28.275Z 6: ✅ window.created win2 "Discord"
2024-02-14T14:00:30.991Z 7: ✅ webContents.did-finish-load web2
2024-02-14T14:00:31.076Z 8: window.close win1
2024-02-14T14:00:31.095Z 9: webContents.destroyed web1
2024-02-14T14:00:31.097Z 10: window.closed win1
2024-02-14T14:47:56.401Z 0: 

----------------------------------------------
2024-02-14T14:47:56.405Z 1: Discord starting: {"releaseChannel":"stable","version":"0.0.43"}, modulepath: /home/khoa/.config/discord/0.0.43/modules
2024-02-14T16:41:55.187Z 11: before-quit
2024-02-14T16:41:55.197Z 12: window.close win2
2024-02-15T14:33:52.498Z 0: 

----------------------------------------------
2024-02-15T14:33:52.509Z 1: Discord starting: {"releaseChannel":"stable","version":"0.0.43"}, modulepath: /home/khoa/.config/discord/0.0.43/modules
2024-02-15T14:33:52.525Z 2: ✅ webContents.created web1 ""
2024-02-15T14:33:52.528Z 3: ✅ window.created win1 "discord"
2024-02-15T14:33:52.831Z 4: ✅ webContents.did-finish-load web1
2024-02-15T14:33:52.971Z 5: ✅ webContents.created web2 ""
2024-02-15T14:33:52.974Z 6: ✅ window.created win2 "Discord"
2024-02-15T14:33:56.187Z 7: ✅ webContents.did-finish-load web2
2024-02-15T14:33:56.285Z 8: window.close win1
2024-02-15T14:33:56.300Z 9: webContents.destroyed web1
2024-02-15T14:33:56.303Z 10: window.closed win1
2024-02-15T23:11:08.238Z 0: 

----------------------------------------------
2024-02-15T23:11:08.270Z 1: Discord starting: {"releaseChannel":"stable","version":"0.0.43"}, modulepath: /home/khoa/.config/discord/0.0.43/modules
2024-02-15T23:11:08.274Z 2: ✅ webContents.created web1 ""
2024-02-15T23:11:08.275Z 3: ✅ window.created win1 "discord"
2024-02-15T23:11:08.502Z 4: ✅ webContents.did-finish-load web1
2024-02-15T23:11:08.657Z 5: ✅ webContents.created web2 ""
2024-02-15T23:11:08.660Z 6: ✅ window.created win2 "Discord"
2024-02-15T23:11:11.330Z 7: ✅ webContents.did-finish-load web2
2024-02-15T23:11:11.431Z 8: window.close win1
2024-02-15T23:11:11.447Z 9: webContents.destroyed web1
2024-02-15T23:11:11.450Z 10: window.closed win1
2024-02-15T23:14:56.025Z 11: window.close win2
2024-02-15T23:43:28.236Z 12: before-quit
2024-02-15T23:43:28.253Z 13: window.close win2
2024-02-15T23:43:28.285Z 14: webContents.destroyed web2
2024-02-15T23:43:28.295Z 15: window.closed win2
2024-02-16T10:35:04.084Z 0: 

----------------------------------------------
2024-02-16T10:35:04.098Z 1: Discord starting: {"releaseChannel":"stable","version":"0.0.43"}, modulepath: /home/khoa/.config/discord/0.0.43/modules
2024-02-16T10:35:04.119Z 2: ✅ webContents.created web1 ""
2024-02-16T10:35:04.122Z 3: ✅ window.created win1 "discord"
2024-02-16T10:35:04.387Z 4: ✅ webContents.did-finish-load web1
2024-02-16T10:35:04.545Z 5: ✅ webContents.created web2 ""
2024-02-16T10:35:04.549Z 6: ✅ window.created win2 "Discord"
2024-02-16T10:35:07.955Z 7: ✅ webContents.did-finish-load web2
2024-02-16T10:35:08.054Z 8: window.close win1
2024-02-16T10:35:08.067Z 9: webContents.destroyed web1
2024-02-16T10:35:08.068Z 10: window.closed win1
